#
# There is insufficient memory for the Java Runtime Environment to continue.
# Native memory allocation (mmap) failed to map 78643200 bytes for G1 virtual space
# Possible reasons:
#   The system is out of physical RAM or swap space
#   The process is running with CompressedOops enabled, and the Java Heap may be blocking the growth of the native heap
# Possible solutions:
#   Reduce memory load on the system
#   Increase physical memory or swap space
#   Check if swap backing store is full
#   Decrease Java heap size (-Xmx/-Xms)
#   Decrease number of Java threads
#   Decrease Java thread stack sizes (-Xss)
#   Set larger code cache with -XX:ReservedCodeCacheSize=
#   JVM is running with Unscaled Compressed Oops mode in which the Java heap is
#     placed in the first 4GB address space. The Java Heap base address is the
#     maximum limit for the native heap growth. Please use -XX:HeapBaseMinAddress
#     to set the Java Heap base and to place the Java Heap above 4GB virtual address.
# This output file may be truncated or incomplete.
#
#  Out of Memory Error (os_windows.cpp:3613), pid=16820, tid=12992
#
# JRE version: OpenJDK Runtime Environment Temurin-17.0.9+9 (17.0.9+9) (build 17.0.9+9)
# Java VM: OpenJDK 64-Bit Server VM Temurin-17.0.9+9 (17.0.9+9, mixed mode, emulated-client, tiered, compressed oops, compressed class ptrs, g1 gc, windows-amd64)
# No core dump will be written. Minidumps are not enabled by default on client versions of Windows
#

---------------  S U M M A R Y ------------

Command Line: -Dcom.sun.management.jmxremote -Dcom.sun.management.jmxremote.port=57755 -Dcom.sun.management.jmxremote.authenticate=false -Dcom.sun.management.jmxremote.ssl=false -Djava.rmi.server.hostname=localhost -Dspring.jmx.enabled=true -Dmanagement.endpoints.jmx.exposure.include=* -Dspring.application.admin.enabled=true -XX:TieredStopAtLevel=1 -Dspring.boot.project.name=asset-management-capston-project -Dfile.encoding=UTF-8 -Dstdout.encoding=UTF-8 -Dstderr.encoding=UTF-8 -XX:+ShowCodeDetailsInExceptionMessages com.hexaware.assetmanagement.AssetManagementCapstonProjectApplication --spring.output.ansi.enabled=always

Host: Intel(R) Core(TM) i5-10300H CPU @ 2.50GHz, 8 cores, 7G,  Windows 11 , 64 bit Build 22621 (10.0.22621.3085)
Time: Mon Feb 12 19:56:51 2024 India Standard Time elapsed time: 7.521954 seconds (0d 0h 0m 7s)

---------------  T H R E A D  ---------------

Current thread (0x000001eb219a2090):  VMThread "VM Thread" [stack: 0x0000008e68100000,0x0000008e68200000] [id=12992]

Stack: [0x0000008e68100000,0x0000008e68200000]
Native frames: (J=compiled Java code, j=interpreted, Vv=VM code, C=native code)
V  [jvm.dll+0x67cf49]
V  [jvm.dll+0x83478a]
V  [jvm.dll+0x83624e]
V  [jvm.dll+0x8368b3]
V  [jvm.dll+0x247f1f]
V  [jvm.dll+0x679d69]
V  [jvm.dll+0x66e6ba]
V  [jvm.dll+0x307e5b]
V  [jvm.dll+0x30f306]
V  [jvm.dll+0x35f0ce]
V  [jvm.dll+0x35f2ff]
V  [jvm.dll+0x2dea58]
V  [jvm.dll+0x2dcc34]
V  [jvm.dll+0x2dc23c]
V  [jvm.dll+0x3202bb]
V  [jvm.dll+0x83adab]
V  [jvm.dll+0x83baf1]
V  [jvm.dll+0x83c00d]
V  [jvm.dll+0x83c3e4]
V  [jvm.dll+0x83c4b0]
V  [jvm.dll+0x7e3c3a]
V  [jvm.dll+0x67be35]
C  [ucrtbase.dll+0x29363]
C  [KERNEL32.DLL+0x1257d]
C  [ntdll.dll+0x5aa58]

VM_Operation (0x0000008e6a9fd460): G1CollectForAllocation, mode: safepoint, requested by thread 0x000001eb2886dab0


---------------  P R O C E S S  ---------------

Threads class SMR info:
_java_thread_list=0x000001eb283c71c0, length=41, elements={
0x000001eb13c2efc0, 0x000001eb219a7b60, 0x000001eb219aa9f0, 0x000001eb219f6030,
0x000001eb219f8dc0, 0x000001eb219f9b80, 0x000001eb21a0d390, 0x000001eb21a11250,
0x000001eb21a19c60, 0x000001eb2161bf60, 0x000001eb21ad54a0, 0x000001eb21bea090,
0x000001eb2641feb0, 0x000001eb26410dc0, 0x000001eb26552010, 0x000001eb26cc92b0,
0x000001eb26cc7530, 0x000001eb26cd6c20, 0x000001eb26d12580, 0x000001eb26f51250,
0x000001eb26f834c0, 0x000001eb26d139c0, 0x000001eb26d15310, 0x000001eb26d143e0,
0x000001eb26d14e00, 0x000001eb26d11b60, 0x000001eb26d12070, 0x000001eb26d12fa0,
0x000001eb26d134b0, 0x000001eb2886dab0, 0x000001eb28867f90, 0x000001eb2886e4d0,
0x000001eb28867060, 0x000001eb2886b230, 0x000001eb2886a810, 0x000001eb2886c160,
0x000001eb2886e9e0, 0x000001eb288698e0, 0x000001eb28869df0, 0x000001eb288689b0,
0x000001eb2886c670
}

Java Threads: ( => current thread )
  0x000001eb13c2efc0 JavaThread "main" [_thread_blocked, id=15116, stack(0x0000008e67b00000,0x0000008e67c00000)]
  0x000001eb219a7b60 JavaThread "Reference Handler" daemon [_thread_blocked, id=18768, stack(0x0000008e68200000,0x0000008e68300000)]
  0x000001eb219aa9f0 JavaThread "Finalizer" daemon [_thread_blocked, id=10636, stack(0x0000008e68300000,0x0000008e68400000)]
  0x000001eb219f6030 JavaThread "Signal Dispatcher" daemon [_thread_blocked, id=20080, stack(0x0000008e68400000,0x0000008e68500000)]
  0x000001eb219f8dc0 JavaThread "Attach Listener" daemon [_thread_blocked, id=13776, stack(0x0000008e68500000,0x0000008e68600000)]
  0x000001eb219f9b80 JavaThread "Service Thread" daemon [_thread_blocked, id=17308, stack(0x0000008e68600000,0x0000008e68700000)]
  0x000001eb21a0d390 JavaThread "Monitor Deflation Thread" daemon [_thread_blocked, id=12956, stack(0x0000008e68700000,0x0000008e68800000)]
  0x000001eb21a11250 JavaThread "C1 CompilerThread0" daemon [_thread_blocked, id=13728, stack(0x0000008e68800000,0x0000008e68900000)]
  0x000001eb21a19c60 JavaThread "Sweeper thread" daemon [_thread_blocked, id=2856, stack(0x0000008e68900000,0x0000008e68a00000)]
  0x000001eb2161bf60 JavaThread "Common-Cleaner" daemon [_thread_blocked, id=13116, stack(0x0000008e68a00000,0x0000008e68b00000)]
  0x000001eb21ad54a0 JavaThread "C1 CompilerThread1" daemon [_thread_blocked, id=19788, stack(0x0000008e68b00000,0x0000008e68c00000)]
  0x000001eb21bea090 JavaThread "Notification Thread" daemon [_thread_blocked, id=19752, stack(0x0000008e68c00000,0x0000008e68d00000)]
  0x000001eb2641feb0 JavaThread "RMI TCP Accept-0" daemon [_thread_in_native, id=11080, stack(0x0000008e68d00000,0x0000008e68e00000)]
  0x000001eb26410dc0 JavaThread "RMI TCP Accept-57755" daemon [_thread_in_native, id=16936, stack(0x0000008e68e00000,0x0000008e68f00000)]
  0x000001eb26552010 JavaThread "RMI TCP Accept-0" daemon [_thread_in_native, id=11048, stack(0x0000008e68f00000,0x0000008e69000000)]
  0x000001eb26cc92b0 JavaThread "RMI TCP Connection(1)-127.0.0.1" daemon [_thread_in_native, id=12760, stack(0x0000008e69900000,0x0000008e69a00000)]
  0x000001eb26cc7530 JavaThread "RMI Scheduler(0)" daemon [_thread_blocked, id=10916, stack(0x0000008e69a00000,0x0000008e69b00000)]
  0x000001eb26cd6c20 JavaThread "RMI TCP Connection(2)-127.0.0.1" daemon [_thread_in_native, id=15092, stack(0x0000008e69b00000,0x0000008e69c00000)]
  0x000001eb26d12580 JavaThread "JMX server connection timeout 22" daemon [_thread_blocked, id=7024, stack(0x0000008e69c00000,0x0000008e69d00000)]
  0x000001eb26f51250 JavaThread "C1 CompilerThread2" daemon [_thread_blocked, id=14896, stack(0x0000008e69f00000,0x0000008e6a000000)]
  0x000001eb26f834c0 JavaThread "C1 CompilerThread3" daemon [_thread_blocked, id=10372, stack(0x0000008e6a000000,0x0000008e6a100000)]
  0x000001eb26d139c0 JavaThread "mysql-cj-abandoned-connection-cleanup" daemon [_thread_blocked, id=15480, stack(0x0000008e69d00000,0x0000008e69e00000)]
  0x000001eb26d15310 JavaThread "HikariPool-1 housekeeper" daemon [_thread_blocked, id=15500, stack(0x0000008e6a200000,0x0000008e6a300000)]
  0x000001eb26d143e0 JavaThread "HikariPool-1 connection adder" daemon [_thread_blocked, id=17220, stack(0x0000008e6a300000,0x0000008e6a400000)]
  0x000001eb26d14e00 JavaThread "Catalina-utility-1" [_thread_blocked, id=21472, stack(0x0000008e6a400000,0x0000008e6a500000)]
  0x000001eb26d11b60 JavaThread "Catalina-utility-2" [_thread_blocked, id=16580, stack(0x0000008e6a500000,0x0000008e6a600000)]
  0x000001eb26d12070 JavaThread "container-0" [_thread_blocked, id=19052, stack(0x0000008e6a600000,0x0000008e6a700000)]
  0x000001eb26d12fa0 JavaThread "ClassGraph-worker-84" daemon [_thread_blocked, id=15528, stack(0x0000008e6a700000,0x0000008e6a800000)]
  0x000001eb26d134b0 JavaThread "ClassGraph-worker-85" daemon [_thread_blocked, id=2488, stack(0x0000008e6a800000,0x0000008e6a900000)]
  0x000001eb2886dab0 JavaThread "ClassGraph-worker-86" daemon [_thread_blocked, id=3008, stack(0x0000008e6a900000,0x0000008e6aa00000)]
  0x000001eb28867f90 JavaThread "ClassGraph-worker-87" daemon [_thread_blocked, id=18972, stack(0x0000008e6aa00000,0x0000008e6ab00000)]
  0x000001eb2886e4d0 JavaThread "ClassGraph-worker-88" daemon [_thread_blocked, id=1844, stack(0x0000008e6ab00000,0x0000008e6ac00000)]
  0x000001eb28867060 JavaThread "ClassGraph-worker-89" daemon [_thread_blocked, id=15384, stack(0x0000008e6ac00000,0x0000008e6ad00000)]
  0x000001eb2886b230 JavaThread "ClassGraph-worker-90" daemon [_thread_blocked, id=9848, stack(0x0000008e6ad00000,0x0000008e6ae00000)]
  0x000001eb2886a810 JavaThread "ClassGraph-worker-91" daemon [_thread_blocked, id=20356, stack(0x0000008e6ae00000,0x0000008e6af00000)]
  0x000001eb2886c160 JavaThread "ClassGraph-worker-92" daemon [_thread_blocked, id=13948, stack(0x0000008e6af00000,0x0000008e6b000000)]
  0x000001eb2886e9e0 JavaThread "ClassGraph-worker-93" daemon [_thread_blocked, id=11240, stack(0x0000008e6b000000,0x0000008e6b100000)]
  0x000001eb288698e0 JavaThread "ClassGraph-worker-94" daemon [_thread_blocked, id=6056, stack(0x0000008e6b100000,0x0000008e6b200000)]
  0x000001eb28869df0 JavaThread "ClassGraph-worker-95" daemon [_thread_blocked, id=6408, stack(0x0000008e6b200000,0x0000008e6b300000)]
  0x000001eb288689b0 JavaThread "ClassGraph-worker-96" daemon [_thread_blocked, id=11900, stack(0x0000008e6b300000,0x0000008e6b400000)]
  0x000001eb2886c670 JavaThread "ClassGraph-worker-97" daemon [_thread_blocked, id=15512, stack(0x0000008e6b400000,0x0000008e6b500000)]

Other Threads:
=>0x000001eb219a2090 VMThread "VM Thread" [stack: 0x0000008e68100000,0x0000008e68200000] [id=12992]
  0x000001eb13c2fe40 WatcherThread [stack: 0x0000008e69000000,0x0000008e69100000] [id=14472]
  0x000001eb13c8b740 GCTaskThread "GC Thread#0" [stack: 0x0000008e67c00000,0x0000008e67d00000] [id=17344]
  0x000001eb26c00cc0 GCTaskThread "GC Thread#1" [stack: 0x0000008e69100000,0x0000008e69200000] [id=13516]
  0x000001eb26c00f80 GCTaskThread "GC Thread#2" [stack: 0x0000008e69200000,0x0000008e69300000] [id=18216]
  0x000001eb26c4a410 GCTaskThread "GC Thread#3" [stack: 0x0000008e69300000,0x0000008e69400000] [id=14104]
  0x000001eb26c4aef0 GCTaskThread "GC Thread#4" [stack: 0x0000008e69400000,0x0000008e69500000] [id=11560]
  0x000001eb26c4b1b0 GCTaskThread "GC Thread#5" [stack: 0x0000008e69500000,0x0000008e69600000] [id=12236]
  0x000001eb26c4b470 GCTaskThread "GC Thread#6" [stack: 0x0000008e69600000,0x0000008e69700000] [id=12580]
  0x000001eb26c4b730 GCTaskThread "GC Thread#7" [stack: 0x0000008e69700000,0x0000008e69800000] [id=20920]
  0x000001eb13c9c190 ConcurrentGCThread "G1 Main Marker" [stack: 0x0000008e67d00000,0x0000008e67e00000] [id=7892]
  0x000001eb13c9d350 ConcurrentGCThread "G1 Conc#0" [stack: 0x0000008e67e00000,0x0000008e67f00000] [id=16472]
  0x000001eb26eaa1f0 ConcurrentGCThread "G1 Conc#1" [stack: 0x0000008e69e00000,0x0000008e69f00000] [id=6612]
  0x000001eb13ccd6d0 ConcurrentGCThread "G1 Refine#0" [stack: 0x0000008e67f00000,0x0000008e68000000] [id=1688]
  0x000001eb21c7b820 ConcurrentGCThread "G1 Refine#1" [stack: 0x0000008e69800000,0x0000008e69900000] [id=2440]
  0x000001eb13cce100 ConcurrentGCThread "G1 Service" [stack: 0x0000008e68000000,0x0000008e68100000] [id=18232]

Threads with active compile tasks:

VM state: at safepoint (normal execution)

VM Mutex/Monitor currently owned by a thread:  ([mutex/lock_event])
[0x000001eb13c2a760] Threads_lock - owner thread: 0x000001eb219a2090
[0x000001eb13c2abe0] Heap_lock - owner thread: 0x000001eb2886dab0

Heap address: 0x0000000082800000, size: 2008 MB, Compressed Oops mode: 32-bit

CDS archive(s) not mapped
Compressed class space mapped at: 0x0000000100000000-0x0000000140000000, reserved size: 1073741824
Narrow klass base: 0x0000000000000000, Narrow klass shift: 3, Narrow klass range: 0x140000000

GC Precious Log:
 CPUs: 8 total, 8 available
 Memory: 8029M
 Large Page Support: Disabled
 NUMA Support: Disabled
 Compressed Oops: Enabled (32-bit)
 Heap Region Size: 1M
 Heap Min Capacity: 8M
 Heap Initial Capacity: 126M
 Heap Max Capacity: 2008M
 Pre-touch: Disabled
 Parallel Workers: 8
 Concurrent Workers: 2
 Concurrent Refinement Workers: 8
 Periodic GC: Disabled

Heap:
 garbage-first heap   total 129024K, used 59470K [0x0000000082800000, 0x0000000100000000)
  region size 1024K, 1 young (1024K), 1 survivors (1024K)
 Metaspace       used 79397K, committed 80000K, reserved 1179648K
  class space    used 10979K, committed 11264K, reserved 1048576K

Heap Regions: E=young(eden), S=young(survivor), O=old, HS=humongous(starts), HC=humongous(continues), CS=collection set, F=free, OA=open archive, CA=closed archive, TAMS=top-at-mark-start (previous, next)
|   0|0x0000000082800000, 0x0000000082900000, 0x0000000082900000|100%|HS|  |TAMS 0x0000000082900000, 0x0000000082800000| Complete 
|   1|0x0000000082900000, 0x0000000082a00000, 0x0000000082a00000|100%| O|  |TAMS 0x0000000082a00000, 0x0000000082900000| Untracked 
|   2|0x0000000082a00000, 0x0000000082b00000, 0x0000000082b00000|100%| O|  |TAMS 0x0000000082b00000, 0x0000000082a00000| Untracked 
|   3|0x0000000082b00000, 0x0000000082c00000, 0x0000000082c00000|100%| O|  |TAMS 0x0000000082c00000, 0x0000000082b00000| Untracked 
|   4|0x0000000082c00000, 0x0000000082d00000, 0x0000000082d00000|100%| O|  |TAMS 0x0000000082d00000, 0x0000000082c00000| Untracked 
|   5|0x0000000082d00000, 0x0000000082e00000, 0x0000000082e00000|100%| O|  |TAMS 0x0000000082e00000, 0x0000000082d00000| Untracked 
|   6|0x0000000082e00000, 0x0000000082f00000, 0x0000000082f00000|100%| O|  |TAMS 0x0000000082f00000, 0x0000000082e00000| Untracked 
|   7|0x0000000082f00000, 0x0000000083000000, 0x0000000083000000|100%| O|  |TAMS 0x0000000083000000, 0x0000000082f00000| Untracked 
|   8|0x0000000083000000, 0x0000000083100000, 0x0000000083100000|100%| O|  |TAMS 0x0000000083100000, 0x0000000083000000| Untracked 
|   9|0x0000000083100000, 0x0000000083200000, 0x0000000083200000|100%| O|  |TAMS 0x0000000083200000, 0x0000000083100000| Untracked 
|  10|0x0000000083200000, 0x0000000083300000, 0x0000000083300000|100%| O|  |TAMS 0x0000000083300000, 0x0000000083200000| Untracked 
|  11|0x0000000083300000, 0x0000000083400000, 0x0000000083400000|100%| O|  |TAMS 0x0000000083400000, 0x0000000083300000| Untracked 
|  12|0x0000000083400000, 0x0000000083400000, 0x0000000083500000|  0%| F|  |TAMS 0x0000000083400000, 0x0000000083400000| Untracked 
|  13|0x0000000083500000, 0x0000000083600000, 0x0000000083600000|100%| O|  |TAMS 0x0000000083600000, 0x0000000083500000| Untracked 
|  14|0x0000000083600000, 0x0000000083700000, 0x0000000083700000|100%| O|  |TAMS 0x0000000083700000, 0x0000000083600000| Untracked 
|  15|0x0000000083700000, 0x0000000083800000, 0x0000000083800000|100%| O|  |TAMS 0x0000000083800000, 0x0000000083700000| Untracked 
|  16|0x0000000083800000, 0x0000000083900000, 0x0000000083900000|100%| O|  |TAMS 0x0000000083900000, 0x0000000083800000| Untracked 
|  17|0x0000000083900000, 0x0000000083a00000, 0x0000000083a00000|100%| O|  |TAMS 0x0000000083a00000, 0x0000000083900000| Untracked 
|  18|0x0000000083a00000, 0x0000000083b00000, 0x0000000083b00000|100%| O|  |TAMS 0x0000000083b00000, 0x0000000083a00000| Untracked 
|  19|0x0000000083b00000, 0x0000000083c00000, 0x0000000083c00000|100%| O|  |TAMS 0x0000000083c00000, 0x0000000083b00000| Untracked 
|  20|0x0000000083c00000, 0x0000000083d00000, 0x0000000083d00000|100%| O|  |TAMS 0x0000000083d00000, 0x0000000083c00000| Untracked 
|  21|0x0000000083d00000, 0x0000000083e00000, 0x0000000083e00000|100%| O|  |TAMS 0x0000000083e00000, 0x0000000083d00000| Untracked 
|  22|0x0000000083e00000, 0x0000000083f00000, 0x0000000083f00000|100%| O|  |TAMS 0x0000000083f00000, 0x0000000083e00000| Untracked 
|  23|0x0000000083f00000, 0x0000000084000000, 0x0000000084000000|100%| O|  |TAMS 0x0000000084000000, 0x0000000083f00000| Untracked 
|  24|0x0000000084000000, 0x0000000084100000, 0x0000000084100000|100%| O|  |TAMS 0x0000000084100000, 0x0000000084000000| Untracked 
|  25|0x0000000084100000, 0x0000000084200000, 0x0000000084200000|100%| O|  |TAMS 0x0000000084200000, 0x0000000084100000| Untracked 
|  26|0x0000000084200000, 0x0000000084300000, 0x0000000084300000|100%| O|  |TAMS 0x0000000084300000, 0x0000000084200000| Untracked 
|  27|0x0000000084300000, 0x0000000084400000, 0x0000000084400000|100%| O|  |TAMS 0x0000000084400000, 0x0000000084300000| Untracked 
|  28|0x0000000084400000, 0x0000000084500000, 0x0000000084500000|100%| O|  |TAMS 0x0000000084500000, 0x0000000084400000| Untracked 
|  29|0x0000000084500000, 0x0000000084600000, 0x0000000084600000|100%| O|  |TAMS 0x0000000084600000, 0x0000000084500000| Untracked 
|  30|0x0000000084600000, 0x0000000084700000, 0x0000000084700000|100%| O|  |TAMS 0x0000000084600000, 0x0000000084600000| Untracked 
|  31|0x0000000084700000, 0x0000000084800000, 0x0000000084800000|100%| O|  |TAMS 0x0000000084800000, 0x0000000084700000| Untracked 
|  32|0x0000000084800000, 0x0000000084800000, 0x0000000084900000|  0%| F|  |TAMS 0x0000000084800000, 0x0000000084800000| Untracked 
|  33|0x0000000084900000, 0x0000000084a00000, 0x0000000084a00000|100%| O|  |TAMS 0x0000000084a00000, 0x0000000084900000| Untracked 
|  34|0x0000000084a00000, 0x0000000084b00000, 0x0000000084b00000|100%| O|  |TAMS 0x0000000084b00000, 0x0000000084a00000| Untracked 
|  35|0x0000000084b00000, 0x0000000084c00000, 0x0000000084c00000|100%| O|  |TAMS 0x0000000084c00000, 0x0000000084b00000| Untracked 
|  36|0x0000000084c00000, 0x0000000084d00000, 0x0000000084d00000|100%| O|  |TAMS 0x0000000084d00000, 0x0000000084c00000| Untracked 
|  37|0x0000000084d00000, 0x0000000084d00000, 0x0000000084e00000|  0%| F|  |TAMS 0x0000000084d00000, 0x0000000084d00000| Untracked 
|  38|0x0000000084e00000, 0x0000000084e00000, 0x0000000084f00000|  0%| F|  |TAMS 0x0000000084e00000, 0x0000000084e00000| Untracked 
|  39|0x0000000084f00000, 0x0000000084f00000, 0x0000000085000000|  0%| F|  |TAMS 0x0000000084f00000, 0x0000000084f00000| Untracked 
|  40|0x0000000085000000, 0x0000000085000000, 0x0000000085100000|  0%| F|  |TAMS 0x0000000085000000, 0x0000000085000000| Untracked 
|  41|0x0000000085100000, 0x0000000085200000, 0x0000000085200000|100%| O|  |TAMS 0x0000000085200000, 0x0000000085100000| Untracked 
|  42|0x0000000085200000, 0x0000000085200000, 0x0000000085300000|  0%| F|  |TAMS 0x0000000085200000, 0x0000000085200000| Untracked 
|  43|0x0000000085300000, 0x0000000085400000, 0x0000000085400000|100%| O|  |TAMS 0x0000000085400000, 0x0000000085300000| Untracked 
|  44|0x0000000085400000, 0x0000000085400000, 0x0000000085500000|  0%| F|  |TAMS 0x0000000085400000, 0x0000000085400000| Untracked 
|  45|0x0000000085500000, 0x0000000085500000, 0x0000000085600000|  0%| F|  |TAMS 0x0000000085500000, 0x0000000085500000| Untracked 
|  46|0x0000000085600000, 0x0000000085700000, 0x0000000085700000|100%| O|  |TAMS 0x0000000085700000, 0x0000000085600000| Untracked 
|  47|0x0000000085700000, 0x0000000085800000, 0x0000000085800000|100%| O|  |TAMS 0x0000000085800000, 0x0000000085700000| Untracked 
|  48|0x0000000085800000, 0x0000000085800000, 0x0000000085900000|  0%| F|  |TAMS 0x0000000085800000, 0x0000000085800000| Untracked 
|  49|0x0000000085900000, 0x0000000085900000, 0x0000000085a00000|  0%| F|  |TAMS 0x0000000085900000, 0x0000000085900000| Untracked 
|  50|0x0000000085a00000, 0x0000000085b00000, 0x0000000085b00000|100%| O|  |TAMS 0x0000000085a28c00, 0x0000000085a00000| Untracked 
|  51|0x0000000085b00000, 0x0000000085c00000, 0x0000000085c00000|100%| O|  |TAMS 0x0000000085b00000, 0x0000000085b00000| Untracked 
|  52|0x0000000085c00000, 0x0000000085d00000, 0x0000000085d00000|100%| O|  |TAMS 0x0000000085c00000, 0x0000000085c00000| Untracked 
|  53|0x0000000085d00000, 0x0000000085e00000, 0x0000000085e00000|100%| O|  |TAMS 0x0000000085d00000, 0x0000000085d00000| Untracked 
|  54|0x0000000085e00000, 0x0000000085f00000, 0x0000000085f00000|100%| O|  |TAMS 0x0000000085e00000, 0x0000000085e00000| Untracked 
|  55|0x0000000085f00000, 0x0000000086000000, 0x0000000086000000|100%| O|  |TAMS 0x0000000085f00000, 0x0000000085f00000| Untracked 
|  56|0x0000000086000000, 0x0000000086100000, 0x0000000086100000|100%| O|  |TAMS 0x0000000086000000, 0x0000000086000000| Untracked 
|  57|0x0000000086100000, 0x0000000086200000, 0x0000000086200000|100%| O|  |TAMS 0x0000000086100000, 0x0000000086100000| Untracked 
|  58|0x0000000086200000, 0x0000000086300000, 0x0000000086300000|100%| O|  |TAMS 0x0000000086200000, 0x0000000086200000| Untracked 
|  59|0x0000000086300000, 0x0000000086400000, 0x0000000086400000|100%| O|  |TAMS 0x0000000086300000, 0x0000000086300000| Untracked 
|  60|0x0000000086400000, 0x0000000086500000, 0x0000000086500000|100%| O|  |TAMS 0x0000000086400000, 0x0000000086400000| Untracked 
|  61|0x0000000086500000, 0x0000000086600000, 0x0000000086600000|100%| O|  |TAMS 0x0000000086500000, 0x0000000086500000| Untracked 
|  62|0x0000000086600000, 0x0000000086700000, 0x0000000086700000|100%| O|  |TAMS 0x0000000086600000, 0x0000000086600000| Untracked 
|  63|0x0000000086700000, 0x0000000086800000, 0x0000000086800000|100%| O|  |TAMS 0x0000000086700000, 0x0000000086700000| Untracked 
|  64|0x0000000086800000, 0x0000000086900000, 0x0000000086900000|100%| O|  |TAMS 0x0000000086800000, 0x0000000086800000| Untracked 
|  65|0x0000000086900000, 0x0000000086a00000, 0x0000000086a00000|100%| O|  |TAMS 0x0000000086900000, 0x0000000086900000| Untracked 
|  66|0x0000000086a00000, 0x0000000086b00000, 0x0000000086b00000|100%| O|  |TAMS 0x0000000086a00000, 0x0000000086a00000| Untracked 
|  67|0x0000000086b00000, 0x0000000086c00000, 0x0000000086c00000|100%| O|  |TAMS 0x0000000086b00000, 0x0000000086b00000| Untracked 
|  68|0x0000000086c00000, 0x0000000086c5d400, 0x0000000086d00000| 36%| O|  |TAMS 0x0000000086c00000, 0x0000000086c00000| Untracked 
|  69|0x0000000086d00000, 0x0000000086d00000, 0x0000000086e00000|  0%| F|  |TAMS 0x0000000086d00000, 0x0000000086d00000| Untracked 
|  70|0x0000000086e00000, 0x0000000086e00000, 0x0000000086f00000|  0%| F|  |TAMS 0x0000000086e00000, 0x0000000086e00000| Untracked 
|  71|0x0000000086f00000, 0x0000000086f00000, 0x0000000087000000|  0%| F|  |TAMS 0x0000000086f00000, 0x0000000086f00000| Untracked 
|  72|0x0000000087000000, 0x0000000087000000, 0x0000000087100000|  0%| F|  |TAMS 0x0000000087000000, 0x0000000087000000| Untracked 
|  73|0x0000000087100000, 0x0000000087100000, 0x0000000087200000|  0%| F|  |TAMS 0x0000000087100000, 0x0000000087100000| Untracked 
|  74|0x0000000087200000, 0x0000000087200000, 0x0000000087300000|  0%| F|  |TAMS 0x0000000087200000, 0x0000000087200000| Untracked 
|  75|0x0000000087300000, 0x0000000087300000, 0x0000000087400000|  0%| F|  |TAMS 0x0000000087300000, 0x0000000087300000| Untracked 
|  76|0x0000000087400000, 0x0000000087400000, 0x0000000087500000|  0%| F|  |TAMS 0x0000000087400000, 0x0000000087400000| Untracked 
|  77|0x0000000087500000, 0x0000000087500000, 0x0000000087600000|  0%| F|  |TAMS 0x0000000087500000, 0x0000000087500000| Untracked 
|  78|0x0000000087600000, 0x0000000087600000, 0x0000000087700000|  0%| F|  |TAMS 0x0000000087600000, 0x0000000087600000| Untracked 
|  79|0x0000000087700000, 0x0000000087700000, 0x0000000087800000|  0%| F|  |TAMS 0x0000000087700000, 0x0000000087700000| Untracked 
|  80|0x0000000087800000, 0x0000000087800000, 0x0000000087900000|  0%| F|  |TAMS 0x0000000087800000, 0x0000000087800000| Untracked 
|  81|0x0000000087900000, 0x0000000087900000, 0x0000000087a00000|  0%| F|  |TAMS 0x0000000087900000, 0x0000000087900000| Untracked 
|  82|0x0000000087a00000, 0x0000000087a00000, 0x0000000087b00000|  0%| F|  |TAMS 0x0000000087a00000, 0x0000000087a00000| Untracked 
|  83|0x0000000087b00000, 0x0000000087b00000, 0x0000000087c00000|  0%| F|  |TAMS 0x0000000087b00000, 0x0000000087b00000| Untracked 
|  84|0x0000000087c00000, 0x0000000087c00000, 0x0000000087d00000|  0%| F|  |TAMS 0x0000000087c00000, 0x0000000087c00000| Untracked 
|  85|0x0000000087d00000, 0x0000000087d00000, 0x0000000087e00000|  0%| F|  |TAMS 0x0000000087d00000, 0x0000000087d00000| Untracked 
|  86|0x0000000087e00000, 0x0000000087e00000, 0x0000000087f00000|  0%| F|  |TAMS 0x0000000087e00000, 0x0000000087e00000| Untracked 
|  87|0x0000000087f00000, 0x0000000087f00000, 0x0000000088000000|  0%| F|  |TAMS 0x0000000087f00000, 0x0000000087f00000| Untracked 
|  88|0x0000000088000000, 0x0000000088000000, 0x0000000088100000|  0%| F|  |TAMS 0x0000000088000000, 0x0000000088000000| Untracked 
|  89|0x0000000088100000, 0x0000000088100000, 0x0000000088200000|  0%| F|  |TAMS 0x0000000088100000, 0x0000000088100000| Untracked 
|  90|0x0000000088200000, 0x0000000088200000, 0x0000000088300000|  0%| F|  |TAMS 0x0000000088200000, 0x0000000088200000| Untracked 
|  91|0x0000000088300000, 0x0000000088300000, 0x0000000088400000|  0%| F|  |TAMS 0x0000000088300000, 0x0000000088300000| Untracked 
|  92|0x0000000088400000, 0x0000000088400000, 0x0000000088500000|  0%| F|  |TAMS 0x0000000088400000, 0x0000000088400000| Untracked 
|  93|0x0000000088500000, 0x0000000088500000, 0x0000000088600000|  0%| F|  |TAMS 0x0000000088500000, 0x0000000088500000| Untracked 
|  94|0x0000000088600000, 0x0000000088600000, 0x0000000088700000|  0%| F|  |TAMS 0x0000000088600000, 0x0000000088600000| Untracked 
|  95|0x0000000088700000, 0x0000000088700000, 0x0000000088800000|  0%| F|  |TAMS 0x0000000088700000, 0x0000000088700000| Untracked 
|  96|0x0000000088800000, 0x0000000088800000, 0x0000000088900000|  0%| F|  |TAMS 0x0000000088800000, 0x0000000088800000| Untracked 
|  97|0x0000000088900000, 0x0000000088900000, 0x0000000088a00000|  0%| F|  |TAMS 0x0000000088900000, 0x0000000088900000| Untracked 
|  98|0x0000000088a00000, 0x0000000088a00000, 0x0000000088b00000|  0%| F|  |TAMS 0x0000000088a00000, 0x0000000088a00000| Untracked 
|  99|0x0000000088b00000, 0x0000000088b00000, 0x0000000088c00000|  0%| F|  |TAMS 0x0000000088b00000, 0x0000000088b00000| Untracked 
| 100|0x0000000088c00000, 0x0000000088c00000, 0x0000000088d00000|  0%| F|  |TAMS 0x0000000088c00000, 0x0000000088c00000| Untracked 
| 101|0x0000000088d00000, 0x0000000088d00000, 0x0000000088e00000|  0%| F|  |TAMS 0x0000000088d00000, 0x0000000088d00000| Untracked 
| 102|0x0000000088e00000, 0x0000000088e00000, 0x0000000088f00000|  0%| F|  |TAMS 0x0000000088e00000, 0x0000000088e00000| Untracked 
| 103|0x0000000088f00000, 0x0000000088f00000, 0x0000000089000000|  0%| F|  |TAMS 0x0000000088f00000, 0x0000000088f00000| Untracked 
| 104|0x0000000089000000, 0x0000000089000000, 0x0000000089100000|  0%| F|  |TAMS 0x0000000089000000, 0x0000000089000000| Untracked 
| 105|0x0000000089100000, 0x0000000089100000, 0x0000000089200000|  0%| F|  |TAMS 0x0000000089100000, 0x0000000089100000| Untracked 
| 106|0x0000000089200000, 0x0000000089200000, 0x0000000089300000|  0%| F|  |TAMS 0x0000000089200000, 0x0000000089200000| Untracked 
| 107|0x0000000089300000, 0x0000000089300000, 0x0000000089400000|  0%| F|  |TAMS 0x0000000089300000, 0x0000000089300000| Untracked 
| 108|0x0000000089400000, 0x0000000089400000, 0x0000000089500000|  0%| F|  |TAMS 0x0000000089400000, 0x0000000089400000| Untracked 
| 109|0x0000000089500000, 0x0000000089500000, 0x0000000089600000|  0%| F|  |TAMS 0x0000000089500000, 0x0000000089500000| Untracked 
| 110|0x0000000089600000, 0x0000000089600000, 0x0000000089700000|  0%| F|  |TAMS 0x0000000089600000, 0x0000000089600000| Untracked 
| 111|0x0000000089700000, 0x0000000089700000, 0x0000000089800000|  0%| F|  |TAMS 0x0000000089700000, 0x0000000089700000| Untracked 
| 112|0x0000000089800000, 0x0000000089800000, 0x0000000089900000|  0%| F|  |TAMS 0x0000000089800000, 0x0000000089800000| Untracked 
| 113|0x0000000089900000, 0x00000000899b6640, 0x0000000089a00000| 71%| S|CS|TAMS 0x0000000089900000, 0x0000000089900000| Complete 
| 114|0x0000000089a00000, 0x0000000089a00000, 0x0000000089b00000|  0%| F|  |TAMS 0x0000000089a00000, 0x0000000089a00000| Untracked 
| 115|0x0000000089b00000, 0x0000000089b00000, 0x0000000089c00000|  0%| F|  |TAMS 0x0000000089b00000, 0x0000000089b00000| Untracked 
| 116|0x0000000089c00000, 0x0000000089c00000, 0x0000000089d00000|  0%| F|  |TAMS 0x0000000089c00000, 0x0000000089c00000| Untracked 
| 117|0x0000000089d00000, 0x0000000089d00000, 0x0000000089e00000|  0%| F|  |TAMS 0x0000000089d00000, 0x0000000089d00000| Untracked 
| 118|0x0000000089e00000, 0x0000000089e00000, 0x0000000089f00000|  0%| F|  |TAMS 0x0000000089e00000, 0x0000000089e00000| Untracked 
| 119|0x0000000089f00000, 0x0000000089f00000, 0x000000008a000000|  0%| F|  |TAMS 0x0000000089f00000, 0x0000000089f00000| Untracked 
| 120|0x000000008a000000, 0x000000008a000000, 0x000000008a100000|  0%| F|  |TAMS 0x000000008a000000, 0x000000008a000000| Untracked 
| 121|0x000000008a100000, 0x000000008a100000, 0x000000008a200000|  0%| F|  |TAMS 0x000000008a100000, 0x000000008a100000| Untracked 
| 122|0x000000008a200000, 0x000000008a200000, 0x000000008a300000|  0%| F|  |TAMS 0x000000008a200000, 0x000000008a200000| Untracked 
| 123|0x000000008a300000, 0x000000008a300000, 0x000000008a400000|  0%| F|  |TAMS 0x000000008a300000, 0x000000008a300000| Untracked 
| 124|0x000000008a400000, 0x000000008a400000, 0x000000008a500000|  0%| F|  |TAMS 0x000000008a400000, 0x000000008a400000| Untracked 
| 125|0x000000008a500000, 0x000000008a500000, 0x000000008a600000|  0%| F|  |TAMS 0x000000008a500000, 0x000000008a500000| Untracked 

Card table byte_map: [0x000001eb1a7e0000,0x000001eb1abd0000] _byte_map_base: 0x000001eb1a3cc000

Marking Bits (Prev, Next): (CMBitMap*) 0x000001eb13c8bda0, (CMBitMap*) 0x000001eb13c8bd60
 Prev Bits: [0x000001eb1cf20000, 0x000001eb1ee80000)
 Next Bits: [0x000001eb1afc0000, 0x000001eb1cf20000)

Polling page: 0x000001eb11b60000

Metaspace:

Usage:
  Non-class:     66.81 MB used.
      Class:     10.72 MB used.
       Both:     77.54 MB used.

Virtual space:
  Non-class space:      128.00 MB reserved,      67.12 MB ( 52%) committed,  2 nodes.
      Class space:        1.00 GB reserved,      11.00 MB (  1%) committed,  1 nodes.
             Both:        1.12 GB reserved,      78.12 MB (  7%) committed. 

Chunk freelists:
   Non-Class:  12.00 MB
       Class:  4.95 MB
        Both:  16.95 MB

MaxMetaspaceSize: unlimited
CompressedClassSpaceSize: 1.00 GB
Initial GC threshold: 21.00 MB
Current GC threshold: 130.12 MB
CDS: off
MetaspaceReclaimPolicy: balanced
 - commit_granule_bytes: 65536.
 - commit_granule_words: 8192.
 - virtual_space_node_default_size: 8388608.
 - enlarge_chunks_in_place: 1.
 - new_chunks_are_fully_committed: 0.
 - uncommit_free_chunks: 1.
 - use_allocation_guard: 0.
 - handle_deallocations: 1.


Internal statistics:

num_allocs_failed_limit: 12.
num_arena_births: 830.
num_arena_deaths: 0.
num_vsnodes_births: 3.
num_vsnodes_deaths: 0.
num_space_committed: 1250.
num_space_uncommitted: 0.
num_chunks_returned_to_freelist: 12.
num_chunks_taken_from_freelist: 3314.
num_chunk_merges: 9.
num_chunk_splits: 2410.
num_chunks_enlarged: 1879.
num_inconsistent_stats: 0.

CodeCache: size=49152Kb used=14002Kb max_used=14002Kb free=35149Kb
 bounds [0x000001eb172e0000, 0x000001eb18090000, 0x000001eb1a2e0000]
 total_blobs=7597 nmethods=6905 adapters=616
 compilation: enabled
              stopped_count=0, restarted_count=0
 full_count=0

Compilation events (20 events):
Event: 7.494 Thread 0x000001eb21a11250 nmethod 6897 0x000001eb1807e110 code [0x000001eb1807e2c0, 0x000001eb1807e5a8]
Event: 7.494 Thread 0x000001eb21a11250 6898       1       nonapi.io.github.classgraph.fastzipfilereader.LogicalZipFile::<init> (26 bytes)
Event: 7.494 Thread 0x000001eb26f51250 nmethod 6896 0x000001eb1807e710 code [0x000001eb1807e8e0, 0x000001eb1807ec08]
Event: 7.494 Thread 0x000001eb26f51250 6899       1       nonapi.io.github.classgraph.fastzipfilereader.ZipFileSlice::<init> (37 bytes)
Event: 7.494 Thread 0x000001eb26f51250 nmethod 6899 0x000001eb1807ed90 code [0x000001eb1807ef20, 0x000001eb1807f178]
Event: 7.494 Thread 0x000001eb21a11250 nmethod 6898 0x000001eb1807f210 code [0x000001eb1807f3c0, 0x000001eb1807f608]
Event: 7.495 Thread 0x000001eb26f834c0 nmethod 6892 0x000001eb1807f710 code [0x000001eb1807fa80, 0x000001eb180808f8]
Event: 7.495 Thread 0x000001eb26f51250 6900   !   1       nonapi.io.github.classgraph.fileslice.FileSlice::load (178 bytes)
Event: 7.495 Thread 0x000001eb26f834c0 6901       1       nonapi.io.github.classgraph.fileslice.Slice::open (6 bytes)
Event: 7.495 Thread 0x000001eb21a11250 6902   !   1       nonapi.io.github.classgraph.fastzipfilereader.NestedJarHandler::readAllBytesAsArray (263 bytes)
Event: 7.495 Thread 0x000001eb26f834c0 nmethod 6901 0x000001eb18081190 code [0x000001eb18081340, 0x000001eb18081578]
Event: 7.495 Thread 0x000001eb26f834c0 6903       1       nonapi.io.github.classgraph.fastzipfilereader.NestedJarHandler$8::read (60 bytes)
Event: 7.496 Thread 0x000001eb26f51250 nmethod 6900 0x000001eb18081710 code [0x000001eb18081960, 0x000001eb18082098]
Event: 7.496 Thread 0x000001eb26f834c0 nmethod 6903 0x000001eb18082490 code [0x000001eb18082660, 0x000001eb18082998]
Event: 7.496 Thread 0x000001eb26f51250 6904       1       nonapi.io.github.classgraph.fastzipfilereader.ZipFileSlice::appendPath (39 bytes)
Event: 7.496 Thread 0x000001eb21a11250 nmethod 6902 0x000001eb18082b90 code [0x000001eb18082de0, 0x000001eb18083758]
Event: 7.496 Thread 0x000001eb26f51250 nmethod 6904 0x000001eb18083d90 code [0x000001eb18083f40, 0x000001eb180840c8]
Event: 7.497 Thread 0x000001eb21ad54a0 nmethod 6876 0x000001eb18084210 code [0x000001eb18084e00, 0x000001eb18089548]
Event: 7.505 Thread 0x000001eb26f51250 6906       1       jdk.internal.misc.Unsafe::freeMemory (18 bytes)
Event: 7.505 Thread 0x000001eb26f51250 nmethod 6906 0x000001eb1808c710 code [0x000001eb1808c8c0, 0x000001eb1808ca38]

GC Heap History (20 events):
Event: 5.789 GC heap after
{Heap after GC invocations=16 (full 0):
 garbage-first heap   total 82944K, used 26239K [0x0000000082800000, 0x0000000100000000)
  region size 1024K, 4 young (4096K), 4 survivors (4096K)
 Metaspace       used 67358K, committed 67904K, reserved 1114112K
  class space    used 9090K, committed 9344K, reserved 1048576K
}
Event: 6.238 GC heap before
{Heap before GC invocations=17 (full 0):
 garbage-first heap   total 82944K, used 63103K [0x0000000082800000, 0x0000000100000000)
  region size 1024K, 41 young (41984K), 4 survivors (4096K)
 Metaspace       used 72408K, committed 72896K, reserved 1114112K
  class space    used 10049K, committed 10304K, reserved 1048576K
}
Event: 6.250 GC heap after
{Heap after GC invocations=18 (full 0):
 garbage-first heap   total 82944K, used 29138K [0x0000000082800000, 0x0000000100000000)
  region size 1024K, 5 young (5120K), 5 survivors (5120K)
 Metaspace       used 72408K, committed 72896K, reserved 1114112K
  class space    used 10049K, committed 10304K, reserved 1048576K
}
Event: 6.569 GC heap before
{Heap before GC invocations=18 (full 0):
 garbage-first heap   total 82944K, used 63954K [0x0000000082800000, 0x0000000100000000)
  region size 1024K, 39 young (39936K), 5 survivors (5120K)
 Metaspace       used 74979K, committed 75520K, reserved 1114112K
  class space    used 10400K, committed 10624K, reserved 1048576K
}
Event: 6.573 GC heap after
{Heap after GC invocations=19 (full 0):
 garbage-first heap   total 82944K, used 30676K [0x0000000082800000, 0x0000000100000000)
  region size 1024K, 2 young (2048K), 2 survivors (2048K)
 Metaspace       used 74979K, committed 75520K, reserved 1114112K
  class space    used 10400K, committed 10624K, reserved 1048576K
}
Event: 6.919 GC heap before
{Heap before GC invocations=19 (full 0):
 garbage-first heap   total 82944K, used 64468K [0x0000000082800000, 0x0000000100000000)
  region size 1024K, 35 young (35840K), 2 survivors (2048K)
 Metaspace       used 78046K, committed 78592K, reserved 1179648K
  class space    used 10813K, committed 11072K, reserved 1048576K
}
Event: 6.922 GC heap after
{Heap after GC invocations=20 (full 0):
 garbage-first heap   total 82944K, used 32628K [0x0000000082800000, 0x0000000100000000)
  region size 1024K, 4 young (4096K), 4 survivors (4096K)
 Metaspace       used 78046K, committed 78592K, reserved 1179648K
  class space    used 10813K, committed 11072K, reserved 1048576K
}
Event: 7.124 GC heap before
{Heap before GC invocations=20 (full 0):
 garbage-first heap   total 82944K, used 64372K [0x0000000082800000, 0x0000000100000000)
  region size 1024K, 35 young (35840K), 4 survivors (4096K)
 Metaspace       used 79293K, committed 79872K, reserved 1179648K
  class space    used 10963K, committed 11264K, reserved 1048576K
}
Event: 7.130 GC heap after
{Heap after GC invocations=21 (full 0):
 garbage-first heap   total 82944K, used 37546K [0x0000000082800000, 0x0000000100000000)
  region size 1024K, 5 young (5120K), 5 survivors (5120K)
 Metaspace       used 79293K, committed 79872K, reserved 1179648K
  class space    used 10963K, committed 11264K, reserved 1048576K
}
Event: 7.248 GC heap before
{Heap before GC invocations=21 (full 0):
 garbage-first heap   total 82944K, used 64170K [0x0000000082800000, 0x0000000100000000)
  region size 1024K, 31 young (31744K), 5 survivors (5120K)
 Metaspace       used 79389K, committed 79936K, reserved 1179648K
  class space    used 10978K, committed 11264K, reserved 1048576K
}
Event: 7.255 GC heap after
{Heap after GC invocations=22 (full 0):
 garbage-first heap   total 100352K, used 46101K [0x0000000082800000, 0x0000000100000000)
  region size 1024K, 4 young (4096K), 4 survivors (4096K)
 Metaspace       used 79389K, committed 79936K, reserved 1179648K
  class space    used 10978K, committed 11264K, reserved 1048576K
}
Event: 7.317 GC heap before
{Heap before GC invocations=22 (full 0):
 garbage-first heap   total 100352K, used 73749K [0x0000000082800000, 0x0000000100000000)
  region size 1024K, 32 young (32768K), 4 survivors (4096K)
 Metaspace       used 79389K, committed 79936K, reserved 1179648K
  class space    used 10978K, committed 11264K, reserved 1048576K
}
Event: 7.323 GC heap after
{Heap after GC invocations=23 (full 0):
 garbage-first heap   total 100352K, used 53487K [0x0000000082800000, 0x0000000100000000)
  region size 1024K, 4 young (4096K), 4 survivors (4096K)
 Metaspace       used 79389K, committed 79936K, reserved 1179648K
  class space    used 10978K, committed 11264K, reserved 1048576K
}
Event: 7.366 GC heap before
{Heap before GC invocations=23 (full 0):
 garbage-first heap   total 100352K, used 55535K [0x0000000082800000, 0x0000000100000000)
  region size 1024K, 8 young (8192K), 4 survivors (4096K)
 Metaspace       used 79389K, committed 79936K, reserved 1179648K
  class space    used 10978K, committed 11264K, reserved 1048576K
}
Event: 7.369 GC heap after
{Heap after GC invocations=24 (full 0):
 garbage-first heap   total 100352K, used 55096K [0x0000000082800000, 0x0000000100000000)
  region size 1024K, 1 young (1024K), 1 survivors (1024K)
 Metaspace       used 79389K, committed 79936K, reserved 1179648K
  class space    used 10978K, committed 11264K, reserved 1048576K
}
Event: 7.424 GC heap before
{Heap before GC invocations=24 (full 0):
 garbage-first heap   total 117760K, used 74552K [0x0000000082800000, 0x0000000100000000)
  region size 1024K, 20 young (20480K), 1 survivors (1024K)
 Metaspace       used 79389K, committed 79936K, reserved 1179648K
  class space    used 10978K, committed 11264K, reserved 1048576K
}
Event: 7.427 GC heap after
{Heap after GC invocations=25 (full 0):
 garbage-first heap   total 117760K, used 60201K [0x0000000082800000, 0x0000000100000000)
  region size 1024K, 3 young (3072K), 3 survivors (3072K)
 Metaspace       used 79389K, committed 79936K, reserved 1179648K
  class space    used 10978K, committed 11264K, reserved 1048576K
}
Event: 7.511 GC heap before
{Heap before GC invocations=26 (full 0):
 garbage-first heap   total 117760K, used 85801K [0x0000000082800000, 0x0000000100000000)
  region size 1024K, 29 young (29696K), 3 survivors (3072K)
 Metaspace       used 79397K, committed 80000K, reserved 1179648K
  class space    used 10979K, committed 11264K, reserved 1048576K
}
Event: 7.516 GC heap after
{Heap after GC invocations=27 (full 0):
 garbage-first heap   total 117760K, used 67237K [0x0000000082800000, 0x0000000100000000)
  region size 1024K, 4 young (4096K), 4 survivors (4096K)
 Metaspace       used 79397K, committed 80000K, reserved 1179648K
  class space    used 10979K, committed 11264K, reserved 1048576K
}
Event: 7.517 GC heap before
{Heap before GC invocations=27 (full 0):
 garbage-first heap   total 117760K, used 68261K [0x0000000082800000, 0x0000000100000000)
  region size 1024K, 5 young (5120K), 4 survivors (4096K)
 Metaspace       used 79397K, committed 80000K, reserved 1179648K
  class space    used 10979K, committed 11264K, reserved 1048576K
}

Dll operation events (9 events):
Event: 0.019 Loaded shared library D:\sts-4.21.0.RELEASE\plugins\org.eclipse.justj.openjdk.hotspot.jre.full.win32.x86_64_17.0.9.v20231028-0858\jre\bin\java.dll
Event: 0.230 Loaded shared library D:\sts-4.21.0.RELEASE\plugins\org.eclipse.justj.openjdk.hotspot.jre.full.win32.x86_64_17.0.9.v20231028-0858\jre\bin\jimage.dll
Event: 0.251 Loaded shared library D:\sts-4.21.0.RELEASE\plugins\org.eclipse.justj.openjdk.hotspot.jre.full.win32.x86_64_17.0.9.v20231028-0858\jre\bin\net.dll
Event: 0.255 Loaded shared library D:\sts-4.21.0.RELEASE\plugins\org.eclipse.justj.openjdk.hotspot.jre.full.win32.x86_64_17.0.9.v20231028-0858\jre\bin\nio.dll
Event: 0.261 Loaded shared library D:\sts-4.21.0.RELEASE\plugins\org.eclipse.justj.openjdk.hotspot.jre.full.win32.x86_64_17.0.9.v20231028-0858\jre\bin\zip.dll
Event: 0.331 Loaded shared library D:\sts-4.21.0.RELEASE\plugins\org.eclipse.justj.openjdk.hotspot.jre.full.win32.x86_64_17.0.9.v20231028-0858\jre\bin\management.dll
Event: 0.350 Loaded shared library D:\sts-4.21.0.RELEASE\plugins\org.eclipse.justj.openjdk.hotspot.jre.full.win32.x86_64_17.0.9.v20231028-0858\jre\bin\management_ext.dll
Event: 1.504 Loaded shared library D:\sts-4.21.0.RELEASE\plugins\org.eclipse.justj.openjdk.hotspot.jre.full.win32.x86_64_17.0.9.v20231028-0858\jre\bin\sunmscapi.dll
Event: 3.646 Loaded shared library D:\sts-4.21.0.RELEASE\plugins\org.eclipse.justj.openjdk.hotspot.jre.full.win32.x86_64_17.0.9.v20231028-0858\jre\bin\verify.dll

Deoptimization events (16 events):
Event: 1.274 Thread 0x000001eb13c2efc0 DEOPT PACKING pc=0x000001eb17745719 sp=0x0000008e67bfd560
Event: 1.274 Thread 0x000001eb13c2efc0 DEOPT UNPACKING pc=0x000001eb17337143 sp=0x0000008e67bfca40 mode 3
Event: 1.444 Thread 0x000001eb13c2efc0 DEOPT PACKING pc=0x000001eb178d7a55 sp=0x0000008e67bfdb70
Event: 1.444 Thread 0x000001eb13c2efc0 DEOPT UNPACKING pc=0x000001eb17337143 sp=0x0000008e67bfd018 mode 3
Event: 2.784 Thread 0x000001eb13c2efc0 DEOPT PACKING pc=0x000001eb17a494cc sp=0x0000008e67bfd380
Event: 2.784 Thread 0x000001eb13c2efc0 DEOPT UNPACKING pc=0x000001eb17337143 sp=0x0000008e67bfc838 mode 0
Event: 3.813 Thread 0x000001eb13c2efc0 DEOPT PACKING pc=0x000001eb17b75d7d sp=0x0000008e67bf6c20
Event: 3.813 Thread 0x000001eb13c2efc0 DEOPT UNPACKING pc=0x000001eb17337143 sp=0x0000008e67bf6188 mode 3
Event: 5.900 Thread 0x000001eb13c2efc0 DEOPT PACKING pc=0x000001eb178c9f94 sp=0x0000008e67bfb600
Event: 5.900 Thread 0x000001eb13c2efc0 DEOPT UNPACKING pc=0x000001eb17337143 sp=0x0000008e67bfab58 mode 0
Event: 6.335 Thread 0x000001eb13c2efc0 DEOPT PACKING pc=0x000001eb17890ec2 sp=0x0000008e67bfce60
Event: 6.335 Thread 0x000001eb13c2efc0 DEOPT UNPACKING pc=0x000001eb17337143 sp=0x0000008e67bfc368 mode 3
Event: 6.552 Thread 0x000001eb13c2efc0 DEOPT PACKING pc=0x000001eb17ee2119 sp=0x0000008e67bfd880
Event: 6.552 Thread 0x000001eb13c2efc0 DEOPT UNPACKING pc=0x000001eb17337143 sp=0x0000008e67bfcd60 mode 3
Event: 7.059 Thread 0x000001eb13c2efc0 DEOPT PACKING pc=0x000001eb17f8ecab sp=0x0000008e67bfa5f0
Event: 7.059 Thread 0x000001eb13c2efc0 DEOPT UNPACKING pc=0x000001eb17337143 sp=0x0000008e67bf9b38 mode 3

Classes unloaded (0 events):
No events

Classes redefined (0 events):
No events

Internal exceptions (20 events):
Event: 7.489 Thread 0x000001eb26d134b0 Exception <a 'sun/nio/fs/WindowsException'{0x0000000088752be0}> (0x0000000088752be0) 
thrown [s\src\hotspot\share\prims\jni.cpp, line 516]
Event: 7.489 Thread 0x000001eb26d134b0 Exception <a 'sun/nio/fs/WindowsException'{0x0000000088753020}> (0x0000000088753020) 
thrown [s\src\hotspot\share\prims\jni.cpp, line 516]
Event: 7.489 Thread 0x000001eb26d134b0 Exception <a 'sun/nio/fs/WindowsException'{0x0000000088753ad0}> (0x0000000088753ad0) 
thrown [s\src\hotspot\share\prims\jni.cpp, line 516]
Event: 7.489 Thread 0x000001eb26d134b0 Exception <a 'sun/nio/fs/WindowsException'{0x0000000088753f40}> (0x0000000088753f40) 
thrown [s\src\hotspot\share\prims\jni.cpp, line 516]
Event: 7.489 Thread 0x000001eb26d134b0 Exception <a 'sun/nio/fs/WindowsException'{0x00000000887549c8}> (0x00000000887549c8) 
thrown [s\src\hotspot\share\prims\jni.cpp, line 516]
Event: 7.489 Thread 0x000001eb26d134b0 Exception <a 'sun/nio/fs/WindowsException'{0x0000000088754e08}> (0x0000000088754e08) 
thrown [s\src\hotspot\share\prims\jni.cpp, line 516]
Event: 7.490 Thread 0x000001eb26d134b0 Exception <a 'sun/nio/fs/WindowsException'{0x0000000088755868}> (0x0000000088755868) 
thrown [s\src\hotspot\share\prims\jni.cpp, line 516]
Event: 7.490 Thread 0x000001eb26d134b0 Exception <a 'sun/nio/fs/WindowsException'{0x0000000088755c78}> (0x0000000088755c78) 
thrown [s\src\hotspot\share\prims\jni.cpp, line 516]
Event: 7.490 Thread 0x000001eb26d134b0 Exception <a 'sun/nio/fs/WindowsException'{0x00000000887566e0}> (0x00000000887566e0) 
thrown [s\src\hotspot\share\prims\jni.cpp, line 516]
Event: 7.494 Thread 0x000001eb26d134b0 Exception <a 'sun/nio/fs/WindowsException'{0x00000000887bbc88}> (0x00000000887bbc88) 
thrown [s\src\hotspot\share\prims\jni.cpp, line 516]
Event: 7.494 Thread 0x000001eb26d134b0 Exception <a 'sun/nio/fs/WindowsException'{0x00000000887bc6e8}> (0x00000000887bc6e8) 
thrown [s\src\hotspot\share\prims\jni.cpp, line 516]
Event: 7.494 Thread 0x000001eb26d134b0 Exception <a 'sun/nio/fs/WindowsException'{0x00000000887bcaf8}> (0x00000000887bcaf8) 
thrown [s\src\hotspot\share\prims\jni.cpp, line 516]
Event: 7.495 Thread 0x000001eb26d134b0 Exception <a 'sun/nio/fs/WindowsException'{0x00000000887bd560}> (0x00000000887bd560) 
thrown [s\src\hotspot\share\prims\jni.cpp, line 516]
Event: 7.496 Thread 0x000001eb26d134b0 Exception <a 'sun/nio/fs/WindowsException'{0x00000000887bd980}> (0x00000000887bd980) 
thrown [s\src\hotspot\share\prims\jni.cpp, line 516]
Event: 7.496 Thread 0x000001eb26d134b0 Exception <a 'sun/nio/fs/WindowsException'{0x00000000887be408}> (0x00000000887be408) 
thrown [s\src\hotspot\share\prims\jni.cpp, line 516]
Event: 7.496 Thread 0x000001eb26d134b0 Exception <a 'sun/nio/fs/WindowsException'{0x00000000887be848}> (0x00000000887be848) 
thrown [s\src\hotspot\share\prims\jni.cpp, line 516]
Event: 7.496 Thread 0x000001eb26d134b0 Exception <a 'sun/nio/fs/WindowsException'{0x00000000887bf2e0}> (0x00000000887bf2e0) 
thrown [s\src\hotspot\share\prims\jni.cpp, line 516]
Event: 7.496 Thread 0x000001eb26d134b0 Exception <a 'sun/nio/fs/WindowsException'{0x00000000887bf730}> (0x00000000887bf730) 
thrown [s\src\hotspot\share\prims\jni.cpp, line 516]
Event: 7.496 Thread 0x000001eb26d134b0 Exception <a 'sun/nio/fs/WindowsException'{0x00000000887c01c0}> (0x00000000887c01c0) 
thrown [s\src\hotspot\share\prims\jni.cpp, line 516]
Event: 7.496 Thread 0x000001eb26d134b0 Exception <a 'sun/nio/fs/WindowsException'{0x00000000887c0610}> (0x00000000887c0610) 
thrown [s\src\hotspot\share\prims\jni.cpp, line 516]

VM Operations (20 events):
Event: 6.922 Executing VM operation: G1CollectForAllocation done
Event: 7.124 Executing VM operation: G1CollectForAllocation
Event: 7.133 Executing VM operation: G1CollectForAllocation done
Event: 7.199 Executing VM operation: HandshakeAllThreads
Event: 7.199 Executing VM operation: HandshakeAllThreads done
Event: 7.242 Executing VM operation: G1CollectForAllocation
Event: 7.256 Executing VM operation: G1CollectForAllocation done
Event: 7.317 Executing VM operation: G1CollectForAllocation
Event: 7.323 Executing VM operation: G1CollectForAllocation done
Event: 7.366 Executing VM operation: G1TryInitiateConcMark
Event: 7.369 Executing VM operation: G1TryInitiateConcMark done
Event: 7.410 Executing VM operation: G1PauseRemark
Event: 7.414 Executing VM operation: G1PauseRemark done
Event: 7.424 Executing VM operation: G1CollectForAllocation
Event: 7.427 Executing VM operation: G1CollectForAllocation done
Event: 7.436 Executing VM operation: G1PauseCleanup
Event: 7.438 Executing VM operation: G1PauseCleanup done
Event: 7.511 Executing VM operation: G1CollectForAllocation
Event: 7.517 Executing VM operation: G1CollectForAllocation done
Event: 7.517 Executing VM operation: G1CollectForAllocation

Events (20 events):
Event: 7.465 Thread 0x000001eb26d134b0 Thread exited: 0x000001eb26d134b0
Event: 7.465 Thread 0x000001eb288684a0 Thread exited: 0x000001eb288684a0
Event: 7.465 Thread 0x000001eb28867060 Thread exited: 0x000001eb28867060
Event: 7.465 Thread 0x000001eb2886ad20 Thread exited: 0x000001eb2886ad20
Event: 7.465 Thread 0x000001eb2886dfc0 Thread exited: 0x000001eb2886dfc0
Event: 7.465 Thread 0x000001eb2886d5a0 Thread exited: 0x000001eb2886d5a0
Event: 7.476 Thread 0x000001eb26d12fa0 Thread added: 0x000001eb26d12fa0
Event: 7.477 Thread 0x000001eb26d134b0 Thread added: 0x000001eb26d134b0
Event: 7.480 Thread 0x000001eb2886dab0 Thread added: 0x000001eb2886dab0
Event: 7.480 Thread 0x000001eb28867f90 Thread added: 0x000001eb28867f90
Event: 7.480 Thread 0x000001eb2886e4d0 Thread added: 0x000001eb2886e4d0
Event: 7.480 Thread 0x000001eb28867060 Thread added: 0x000001eb28867060
Event: 7.480 Thread 0x000001eb2886b230 Thread added: 0x000001eb2886b230
Event: 7.480 Thread 0x000001eb2886a810 Thread added: 0x000001eb2886a810
Event: 7.480 Thread 0x000001eb2886c160 Thread added: 0x000001eb2886c160
Event: 7.480 Thread 0x000001eb2886e9e0 Thread added: 0x000001eb2886e9e0
Event: 7.480 Thread 0x000001eb288698e0 Thread added: 0x000001eb288698e0
Event: 7.480 Thread 0x000001eb28869df0 Thread added: 0x000001eb28869df0
Event: 7.481 Thread 0x000001eb288689b0 Thread added: 0x000001eb288689b0
Event: 7.481 Thread 0x000001eb2886c670 Thread added: 0x000001eb2886c670


Dynamic libraries:
0x00007ff767750000 - 0x00007ff76775e000 	D:\sts-4.21.0.RELEASE\plugins\org.eclipse.justj.openjdk.hotspot.jre.full.win32.x86_64_17.0.9.v20231028-0858\jre\bin\javaw.exe
0x00007ffa8c110000 - 0x00007ffa8c327000 	C:\WINDOWS\SYSTEM32\ntdll.dll
0x00007ffa8b710000 - 0x00007ffa8b7d4000 	C:\WINDOWS\System32\KERNEL32.DLL
0x00007ffa89990000 - 0x00007ffa89d36000 	C:\WINDOWS\System32\KERNELBASE.dll
0x00007ffa895c0000 - 0x00007ffa896d1000 	C:\WINDOWS\System32\ucrtbase.dll
0x00007ffa40dd0000 - 0x00007ffa40de7000 	D:\sts-4.21.0.RELEASE\plugins\org.eclipse.justj.openjdk.hotspot.jre.full.win32.x86_64_17.0.9.v20231028-0858\jre\bin\jli.dll
0x00007ffa27500000 - 0x00007ffa2751b000 	D:\sts-4.21.0.RELEASE\plugins\org.eclipse.justj.openjdk.hotspot.jre.full.win32.x86_64_17.0.9.v20231028-0858\jre\bin\VCRUNTIME140.dll
0x00007ffa8bca0000 - 0x00007ffa8be4e000 	C:\WINDOWS\System32\USER32.dll
0x00007ffa89750000 - 0x00007ffa89776000 	C:\WINDOWS\System32\win32u.dll
0x00007ffa8a280000 - 0x00007ffa8a2a9000 	C:\WINDOWS\System32\GDI32.dll
0x00007ffa70ae0000 - 0x00007ffa70d73000 	C:\WINDOWS\WinSxS\amd64_microsoft.windows.common-controls_6595b64144ccf1df_6.0.22621.2506_none_270c5ae97388e100\COMCTL32.dll
0x00007ffa89d40000 - 0x00007ffa89e58000 	C:\WINDOWS\System32\gdi32full.dll
0x00007ffa89f60000 - 0x00007ffa8a007000 	C:\WINDOWS\System32\msvcrt.dll
0x00007ffa89780000 - 0x00007ffa8981a000 	C:\WINDOWS\System32\msvcp_win.dll
0x00007ffa8a240000 - 0x00007ffa8a271000 	C:\WINDOWS\System32\IMM32.DLL
0x00007ffa6ebd0000 - 0x00007ffa6ebdc000 	D:\sts-4.21.0.RELEASE\plugins\org.eclipse.justj.openjdk.hotspot.jre.full.win32.x86_64_17.0.9.v20231028-0858\jre\bin\vcruntime140_1.dll
0x00007ffa25190000 - 0x00007ffa2521d000 	D:\sts-4.21.0.RELEASE\plugins\org.eclipse.justj.openjdk.hotspot.jre.full.win32.x86_64_17.0.9.v20231028-0858\jre\bin\msvcp140.dll
0x00007ff9fc260000 - 0x00007ff9fcec1000 	D:\sts-4.21.0.RELEASE\plugins\org.eclipse.justj.openjdk.hotspot.jre.full.win32.x86_64_17.0.9.v20231028-0858\jre\bin\server\jvm.dll
0x00007ffa8c010000 - 0x00007ffa8c0c3000 	C:\WINDOWS\System32\ADVAPI32.dll
0x00007ffa8a190000 - 0x00007ffa8a238000 	C:\WINDOWS\System32\sechost.dll
0x00007ffa894d0000 - 0x00007ffa894f8000 	C:\WINDOWS\System32\bcrypt.dll
0x00007ffa8b9e0000 - 0x00007ffa8baf7000 	C:\WINDOWS\System32\RPCRT4.dll
0x00007ffa7f2d0000 - 0x00007ffa7f304000 	C:\WINDOWS\SYSTEM32\WINMM.dll
0x00007ffa6a890000 - 0x00007ffa6a899000 	C:\WINDOWS\SYSTEM32\WSOCK32.dll
0x00007ffa882a0000 - 0x00007ffa882ed000 	C:\WINDOWS\SYSTEM32\POWRPROF.dll
0x00007ffa8a110000 - 0x00007ffa8a181000 	C:\WINDOWS\System32\WS2_32.dll
0x00007ffa7d1c0000 - 0x00007ffa7d1ca000 	C:\WINDOWS\SYSTEM32\VERSION.dll
0x00007ffa88280000 - 0x00007ffa88293000 	C:\WINDOWS\SYSTEM32\UMPDC.dll
0x00007ffa88540000 - 0x00007ffa88558000 	C:\WINDOWS\SYSTEM32\kernel.appcore.dll
0x00007ffa81a50000 - 0x00007ffa81a5a000 	D:\sts-4.21.0.RELEASE\plugins\org.eclipse.justj.openjdk.hotspot.jre.full.win32.x86_64_17.0.9.v20231028-0858\jre\bin\jimage.dll
0x00007ffa86830000 - 0x00007ffa86a63000 	C:\WINDOWS\SYSTEM32\DBGHELP.DLL
0x00007ffa8b370000 - 0x00007ffa8b6f9000 	C:\WINDOWS\System32\combase.dll
0x00007ffa8a8d0000 - 0x00007ffa8a9a7000 	C:\WINDOWS\System32\OLEAUT32.dll
0x00007ffa6a8a0000 - 0x00007ffa6a8d2000 	C:\WINDOWS\SYSTEM32\dbgcore.DLL
0x00007ffa89450000 - 0x00007ffa894ca000 	C:\WINDOWS\System32\bcryptPrimitives.dll
0x00007ffa5fa20000 - 0x00007ffa5fa45000 	D:\sts-4.21.0.RELEASE\plugins\org.eclipse.justj.openjdk.hotspot.jre.full.win32.x86_64_17.0.9.v20231028-0858\jre\bin\java.dll
0x00007ffa41180000 - 0x00007ffa41198000 	D:\sts-4.21.0.RELEASE\plugins\org.eclipse.justj.openjdk.hotspot.jre.full.win32.x86_64_17.0.9.v20231028-0858\jre\bin\zip.dll
0x00007ffa8ab10000 - 0x00007ffa8b36b000 	C:\WINDOWS\System32\SHELL32.dll
0x00007ffa87370000 - 0x00007ffa87c66000 	C:\WINDOWS\SYSTEM32\windows.storage.dll
0x00007ffa87230000 - 0x00007ffa8736e000 	C:\WINDOWS\SYSTEM32\wintypes.dll
0x00007ffa8a010000 - 0x00007ffa8a103000 	C:\WINDOWS\System32\SHCORE.dll
0x00007ffa8bc30000 - 0x00007ffa8bc8e000 	C:\WINDOWS\System32\shlwapi.dll
0x00007ffa89380000 - 0x00007ffa893a6000 	C:\WINDOWS\SYSTEM32\profapi.dll
0x00007ffa41160000 - 0x00007ffa41179000 	D:\sts-4.21.0.RELEASE\plugins\org.eclipse.justj.openjdk.hotspot.jre.full.win32.x86_64_17.0.9.v20231028-0858\jre\bin\net.dll
0x00007ffa820d0000 - 0x00007ffa82207000 	C:\WINDOWS\SYSTEM32\WINHTTP.dll
0x00007ffa889c0000 - 0x00007ffa88a29000 	C:\WINDOWS\system32\mswsock.dll
0x00007ffa41140000 - 0x00007ffa41156000 	D:\sts-4.21.0.RELEASE\plugins\org.eclipse.justj.openjdk.hotspot.jre.full.win32.x86_64_17.0.9.v20231028-0858\jre\bin\nio.dll
0x00007ffa6a220000 - 0x00007ffa6a229000 	D:\sts-4.21.0.RELEASE\plugins\org.eclipse.justj.openjdk.hotspot.jre.full.win32.x86_64_17.0.9.v20231028-0858\jre\bin\management.dll
0x00007ffa69ec0000 - 0x00007ffa69ecb000 	D:\sts-4.21.0.RELEASE\plugins\org.eclipse.justj.openjdk.hotspot.jre.full.win32.x86_64_17.0.9.v20231028-0858\jre\bin\management_ext.dll
0x00007ffa8bb20000 - 0x00007ffa8bb28000 	C:\WINDOWS\System32\PSAPI.DLL
0x00007ffa63ca0000 - 0x00007ffa63cb7000 	C:\WINDOWS\system32\napinsp.dll
0x00007ffa63970000 - 0x00007ffa6398b000 	C:\WINDOWS\system32\pnrpnsp.dll
0x00007ffa87fb0000 - 0x00007ffa880a9000 	C:\WINDOWS\SYSTEM32\DNSAPI.dll
0x00007ffa87f40000 - 0x00007ffa87f6d000 	C:\WINDOWS\SYSTEM32\IPHLPAPI.DLL
0x00007ffa8b700000 - 0x00007ffa8b709000 	C:\WINDOWS\System32\NSI.dll
0x00007ffa63950000 - 0x00007ffa63961000 	C:\WINDOWS\System32\winrnr.dll
0x00007ffa813a0000 - 0x00007ffa813b5000 	C:\WINDOWS\system32\wshbth.dll
0x00007ffa632d0000 - 0x00007ffa632f1000 	C:\WINDOWS\system32\nlansp_c.dll
0x00007ffa75ed0000 - 0x00007ffa75eda000 	C:\Windows\System32\rasadhlp.dll
0x00007ffa80bd0000 - 0x00007ffa80c53000 	C:\WINDOWS\System32\fwpuclnt.dll
0x00007ffa88c30000 - 0x00007ffa88c4b000 	C:\WINDOWS\SYSTEM32\CRYPTSP.dll
0x00007ffa884a0000 - 0x00007ffa884d5000 	C:\WINDOWS\system32\rsaenh.dll
0x00007ffa88ad0000 - 0x00007ffa88afc000 	C:\WINDOWS\SYSTEM32\USERENV.dll
0x00007ffa88c50000 - 0x00007ffa88c5c000 	C:\WINDOWS\SYSTEM32\CRYPTBASE.dll
0x00007ffa82040000 - 0x00007ffa82059000 	C:\WINDOWS\SYSTEM32\dhcpcsvc6.DLL
0x00007ffa81fd0000 - 0x00007ffa81fef000 	C:\WINDOWS\SYSTEM32\dhcpcsvc.DLL
0x00007ffa6eff0000 - 0x00007ffa6effe000 	D:\sts-4.21.0.RELEASE\plugins\org.eclipse.justj.openjdk.hotspot.jre.full.win32.x86_64_17.0.9.v20231028-0858\jre\bin\sunmscapi.dll
0x00007ffa89820000 - 0x00007ffa89986000 	C:\WINDOWS\System32\CRYPT32.dll
0x00007ffa88df0000 - 0x00007ffa88e1e000 	C:\WINDOWS\SYSTEM32\ncrypt.dll
0x00007ffa88db0000 - 0x00007ffa88de7000 	C:\WINDOWS\SYSTEM32\NTASN1.dll
0x00007ffa73190000 - 0x00007ffa731a0000 	D:\sts-4.21.0.RELEASE\plugins\org.eclipse.justj.openjdk.hotspot.jre.full.win32.x86_64_17.0.9.v20231028-0858\jre\bin\verify.dll

dbghelp: loaded successfully - version: 4.0.5 - missing functions: none
symbol engine: initialized successfully - sym options: 0x614 - pdb path: .;D:\sts-4.21.0.RELEASE\plugins\org.eclipse.justj.openjdk.hotspot.jre.full.win32.x86_64_17.0.9.v20231028-0858\jre\bin;C:\WINDOWS\SYSTEM32;C:\WINDOWS\WinSxS\amd64_microsoft.windows.common-controls_6595b64144ccf1df_6.0.22621.2506_none_270c5ae97388e100;D:\sts-4.21.0.RELEASE\plugins\org.eclipse.justj.openjdk.hotspot.jre.full.win32.x86_64_17.0.9.v20231028-0858\jre\bin\server

VM Arguments:
jvm_args: -Dcom.sun.management.jmxremote -Dcom.sun.management.jmxremote.port=57755 -Dcom.sun.management.jmxremote.authenticate=false -Dcom.sun.management.jmxremote.ssl=false -Djava.rmi.server.hostname=localhost -Dspring.jmx.enabled=true -Dmanagement.endpoints.jmx.exposure.include=* -Dspring.application.admin.enabled=true -XX:TieredStopAtLevel=1 -Dspring.boot.project.name=asset-management-capston-project -Dfile.encoding=UTF-8 -Dstdout.encoding=UTF-8 -Dstderr.encoding=UTF-8 -XX:+ShowCodeDetailsInExceptionMessages 
java_command: com.hexaware.assetmanagement.AssetManagementCapstonProjectApplication --spring.output.ansi.enabled=always
java_class_path (initial): C:\Users\rahul\Documents\workspace-spring-tool-suite-4-4.21.0.RELEASE\asset-management-capston-project\target\classes;C:\Users\rahul\.m2\repository\org\springframework\boot\spring-boot-starter-data-jpa\3.2.2\spring-boot-starter-data-jpa-3.2.2.jar;C:\Users\rahul\.m2\repository\org\springframework\boot\spring-boot-starter-aop\3.2.2\spring-boot-starter-aop-3.2.2.jar;C:\Users\rahul\.m2\repository\org\aspectj\aspectjweaver\1.9.21\aspectjweaver-1.9.21.jar;C:\Users\rahul\.m2\repository\org\springframework\boot\spring-boot-starter-jdbc\3.2.2\spring-boot-starter-jdbc-3.2.2.jar;C:\Users\rahul\.m2\repository\com\zaxxer\HikariCP\5.0.1\HikariCP-5.0.1.jar;C:\Users\rahul\.m2\repository\org\springframework\spring-jdbc\6.1.3\spring-jdbc-6.1.3.jar;C:\Users\rahul\.m2\repository\org\hibernate\orm\hibernate-core\6.4.1.Final\hibernate-core-6.4.1.Final.jar;C:\Users\rahul\.m2\repository\jakarta\persistence\jakarta.persistence-api\3.1.0\jakarta.persistence-api-3.1.0.jar;C:\Users\rahul\.m2\repository\jakarta\transaction\jakarta.transaction-api\2.0.1\jakarta.transaction-api-2.0.1.jar;C:\Users\rahul\.m2\repository\org\jboss\logging\jboss-logging\3.5.3.Final\jboss-logging-3.5.3.Final.jar;C:\Users\rahul\.m2\repository\org\hibernate\common\hibernate-commons-annotations\6.0.6.Final\hibernate-commons-annotations-6.0.6.Final.jar;C:\Users\rahul\.m2\repository\io\smallrye\jandex\3.1.2\jandex-3.1.2.jar;C:\Users\rahul\.m2\repository\com\fasterxml\classmate\1.6.0\classmate-1.6.0.jar;C:\Users\rahul\.m2\repository\net\bytebuddy\byte-buddy\1.14.11\byte-buddy-1.14.11.jar;C:\Users\rahul\.m2\repository\org\glassfish\jaxb\jaxb-runtime\4.0.4\jaxb-runtime-4.0.4.jar;C:\Users\rahul\.m2\repository\org\glassfish\jaxb\jaxb-core\4.0.4\jaxb-core-4.0.4.jar;C:\Users\rahul\.m2\repository\org\eclipse\angus\angus-activation\2.0.1\angus-activation-2.0.1.jar;C:\Users\rahul\.m2\repository\org\glassfish\jaxb\txw2\4.0.4\txw2-4.0.4.jar;C:\Users\rahul\.m2\repository\com\sun\istack\istack-commons-runtime
Launcher Type: SUN_STANDARD

[Global flags]
     intx CICompilerCount                          = 4                                         {product} {ergonomic}
     uint ConcGCThreads                            = 2                                         {product} {ergonomic}
     uint G1ConcRefinementThreads                  = 8                                         {product} {ergonomic}
   size_t G1HeapRegionSize                         = 1048576                                   {product} {ergonomic}
    uintx GCDrainStackTargetSize                   = 64                                        {product} {ergonomic}
   size_t InitialHeapSize                          = 132120576                                 {product} {ergonomic}
     bool ManagementServer                         = true                                      {product} {command line}
   size_t MarkStackSize                            = 4194304                                   {product} {ergonomic}
   size_t MaxHeapSize                              = 2105540608                                {product} {ergonomic}
   size_t MaxNewSize                               = 1262485504                                {product} {ergonomic}
   size_t MinHeapDeltaBytes                        = 1048576                                   {product} {ergonomic}
   size_t MinHeapSize                              = 8388608                                   {product} {ergonomic}
    uintx NonProfiledCodeHeapSize                  = 0                                      {pd product} {ergonomic}
     bool ProfileInterpreter                       = false                                  {pd product} {command line}
    uintx ProfiledCodeHeapSize                     = 0                                      {pd product} {ergonomic}
     bool ShowCodeDetailsInExceptionMessages       = true                                   {manageable} {command line}
   size_t SoftMaxHeapSize                          = 2105540608                             {manageable} {ergonomic}
     intx TieredStopAtLevel                        = 1                                         {product} {command line}
     bool UseCompressedClassPointers               = true                           {product lp64_product} {ergonomic}
     bool UseCompressedOops                        = true                           {product lp64_product} {ergonomic}
     bool UseG1GC                                  = true                                      {product} {ergonomic}
     bool UseLargePagesIndividualAllocation        = false                                  {pd product} {ergonomic}

Logging:
Log output configuration:
 #0: stdout all=warning uptime,level,tags
 #1: stderr all=off uptime,level,tags

Environment Variables:
PATH=D:/sts-4.21.0.RELEASE//plugins/org.eclipse.justj.openjdk.hotspot.jre.full.win32.x86_64_17.0.9.v20231028-0858/jre/bin/server;D:/sts-4.21.0.RELEASE//plugins/org.eclipse.justj.openjdk.hotspot.jre.full.win32.x86_64_17.0.9.v20231028-0858/jre/bin;C:\Users\rahul\Downloads\Compressed\apache-maven-3.9.6-bin\apache-maven-3.9.6\bin;C:\Program Files\Common Files\Oracle\Java\javapath;C:\Program Files (x86)\Common Files\Intel\Shared Libraries\redist\intel64\compiler;C:\WINDOWS\system32;C:\WINDOWS;C:\WINDOWS\System32\Wbem;C:\WINDOWS\System32\WindowsPowerShell\v1.0\;C:\WINDOWS\System32\OpenSSH\;C:\Program Files\nodejs\;C:\Program Files\dotnet\;C:\Program Files\Git\cmd;C:\Users\rahul\AppData\Local\Microsoft\WindowsApps;C:\Users\rahul\AppData\Roaming\npm;C:\Users\rahul\AppData\Local\Programs\Microsoft VS Code\bin;C:\Users\rahul\Downloads\Compressed\apache-maven-3.9.6-bin\apache-maven-3.9.6\bin;;D:\sts-4.21.0.RELEASE;
USERNAME=rahul
OS=Windows_NT
PROCESSOR_IDENTIFIER=Intel64 Family 6 Model 165 Stepping 2, GenuineIntel
TMP=C:\Users\rahul\AppData\Local\Temp
TEMP=C:\Users\rahul\AppData\Local\Temp



Periodic native trim disabled


---------------  S Y S T E M  ---------------

OS:
 Windows 11 , 64 bit Build 22621 (10.0.22621.3085)
OS uptime: 2 days 2:40 hours
Hyper-V role detected

CPU: total 8 (initial active 8) (4 cores per cpu, 2 threads per core) family 6 model 165 stepping 2 microcode 0xe0, cx8, cmov, fxsr, ht, mmx, 3dnowpref, sse, sse2, sse3, ssse3, sse4.1, sse4.2, popcnt, lzcnt, tsc, tscinvbit, avx, avx2, aes, erms, clmul, bmi1, bmi2, adx, fma, vzeroupper, clflush, clflushopt, hv
Processor Information for all 8 processors :
  Max Mhz: 2496, Current Mhz: 2496, Mhz Limit: 2496

Memory: 4k page, system-wide physical 8029M (161M free)
TotalPageFile size 32605M (AvailPageFile size 47M)
current process WorkingSet (physical memory assigned to process): 285M, peak: 285M
current process commit charge ("private bytes"): 329M, peak: 404M

vm_info: OpenJDK 64-Bit Server VM (17.0.9+9) for windows-amd64 JRE (17.0.9+9), built on Oct 26 2023 14:01:42 by "admin" with MS VC++ 16.10 / 16.11 (VS2019)

END.
